2014/07/23 14:11:52 にビルドを開始しました。
     1>ノード 2 上のプロジェクト "C:\Users\scc313\cocosProject\yokege-a\cocos2d\cocos\2d\cocos2d.vcxproj" (Build ターゲット)。
     1>ClCompile:
         C:\Program Files (x86)\Microsoft Visual Studio 12.0\VC\bin\CL.exe /c /I"C:\Program Files (x86)\Microsoft SDKs\Windows\v7.1A\include" /I"C:\Users\scc313\cocosProject\yokege-a\cocos2d\cocos\2d\..\..\external\sqlite3\include" /I"C:\Users\scc313\cocosProject\yokege-a\cocos2d\cocos\2d\..\..\external\unzip" /I"C:\Users\scc313\cocosProject\yokege-a\cocos2d\cocos\2d\..\..\external\edtaa3func" /I"C:\Users\scc313\cocosProject\yokege-a\cocos2d\cocos\2d\..\..\external\tinyxml2" /I"C:\Users\scc313\cocosProject\yokege-a\cocos2d\cocos\2d\..\..\external\png\include\win32" /I"C:\Users\scc313\cocosProject\yokege-a\cocos2d\cocos\2d\..\..\external\jpeg\include\win32" /I"C:\Users\scc313\cocosProject\yokege-a\cocos2d\cocos\2d\..\..\external\tiff\include\win32" /I"C:\Users\scc313\cocosProject\yokege-a\cocos2d\cocos\2d\..\..\external\webp\include\win32" /I"C:\Users\scc313\cocosProject\yokege-a\cocos2d\cocos\2d\..\..\external\freetype2\include\win32" /I"C:\Users\scc313\cocosProject\yokege-a\cocos2d\cocos\2d\..\..\external\win32-specific\icon\include" /I"C:\Users\scc313\cocosProject\yokege-a\cocos2d\cocos\2d\..\..\external\win32-specific\zlib\include" /I"C:\Users\scc313\cocosProject\yokege-a\cocos2d\cocos\2d\..\..\external\chipmunk\include\chipmunk" /I"C:\Users\scc313\cocosProject\yokege-a\cocos2d\cocos\2d\..\..\external\xxhash" /I"C:\Users\scc313\cocosProject\yokege-a\cocos2d\cocos\2d\..\..\external\ConvertUTF" /I"C:\Users\scc313\cocosProject\yokege-a\cocos2d\cocos\2d\..\..\cocos" /I"C:\Users\scc313\cocosProject\yokege-a\cocos2d\cocos\2d\..\..\cocos\platform\win32" /I"C:\Users\scc313\cocosProject\yokege-a\cocos2d\cocos\2d\..\..\cocos\platform\desktop" /I"C:\Users\scc313\cocosProject\yokege-a\cocos2d\cocos\2d\..\..\external\glfw3\include\win32" /I"C:\Users\scc313\cocosProject\yokege-a\cocos2d\cocos\2d\..\..\external\win32-specific\gles\include\OGLES" /Z7 /nologo /W3 /WX- /MP /Od /Oy- /D WIN32 /D _DEBUG /D _WINDOWS /D _LIB /D COCOS2DXWIN32_EXPORTS /D GL_GLEXT_PROTOTYPES /D COCOS2D_DEBUG=1 /D _CRT_SECURE_NO_WARNINGS /D _SCL_SECURE_NO_WARNINGS /D _VARIADIC_MAX=10 /D _USING_V110_SDK71_ /D _UNICODE /D UNICODE /Gm- /EHsc /RTC1 /MDd /GS /fp:precise /Zc:wchar_t /Zc:forScope /Fo"Debug.win32\\" /Fd"Debug.win32\vc120.pdb" /Gd /TP /wd4267 /wd4251 /wd4244 /analyze- /errorReport:prompt ..\..\external\ConvertUTF\ConvertUTF.c ..\..\external\ConvertUTF\ConvertUTFWrapper.cpp ..\..\external\edtaa3func\edtaa3func.cpp ..\..\external\tinyxml2\tinyxml2.cpp ..\..\external\unzip\ioapi.cpp ..\..\external\unzip\unzip.cpp ..\..\external\xxhash\xxhash.c ..\3d\CCMesh.cpp ..\3d\CCObjLoader.cpp ..\3d\CCSprite3D.cpp ..\3d\CCSprite3DDataCache.cpp ..\base\atitc.cpp ..\base\base64.cpp ..\base\CCAutoreleasePool.cpp ..\base\ccCArray.cpp ..\base\CCConfiguration.cpp ..\base\CCConsole.cpp ..\base\CCData.cpp ..\base\CCDataVisitor.cpp ..\base\CCDirector.cpp ..\base\CCEvent.cpp ..\base\CCEventAcceleration.cpp ..\base\CCEventCustom.cpp ..\base\CCEventDispatcher.cpp ..\base\CCEventFocus.cpp ..\base\CCEventKeyboard.cpp ..\base\CCEventListener.cpp ..\base\CCEventListenerAcceleration.cpp ..\base\CCEventListenerCustom.cpp ..\base\CCEventListenerFocus.cpp ..\base\CCEventListenerKeyboard.cpp ..\base\CCEventListenerMouse.cpp ..\base\CCEventListenerTouch.cpp ..\base\CCEventMouse.cpp ..\base\CCEventTouch.cpp ..\base\ccFPSImages.c ..\base\CCIMEDispatcher.cpp ..\base\CCNS.cpp ..\base\CCProfiling.cpp ..\base\CCRef.cpp ..\base\CCScheduler.cpp ..\base\CCScriptSupport.cpp ..\base\CCTouch.cpp ..\base\ccTypes.cpp ..\base\CCUserDefault.cpp ..\base\CCUserDefaultAndroid.cpp ..\base\ccUTF8.cpp ..\base\ccUtils.cpp ..\base\CCValue.cpp ..\base\etc1.cpp ..\base\s3tc.cpp ..\base\TGAlib.cpp ..\base\ZipUtils.cpp ..\cocos2d.cpp ..\deprecated\CCArray.cpp ..\deprecated\CCDeprecated.cpp ..\deprecated\CCDictionary.cpp ..\deprecated\CCNotificationCenter.cpp ..\deprecated\CCSet.cpp ..\deprecated\CCString.cpp ..\math\CCAffineTransform.cpp ..\math\CCGeometry.cpp ..\math\CCVertex.cpp ..\math\Mat4.cpp ..\math\MathUtil.cpp ..\math\Quaternion.cpp ..\math\TransformUtils.cpp ..\math\Vec2.cpp ..\math\Vec3.cpp ..\math\Vec4.cpp ..\physics\CCPhysicsBody.cpp ..\physics\CCPhysicsContact.cpp ..\physics\CCPhysicsJoint.cpp ..\physics\CCPhysicsShape.cpp ..\physics\CCPhysicsWorld.cpp ..\physics\chipmunk\CCPhysicsBodyInfo_chipmunk.cpp ..\physics\chipmunk\CCPhysicsContactInfo_chipmunk.cpp ..\physics\chipmunk\CCPhysicsJointInfo_chipmunk.cpp ..\physics\chipmunk\CCPhysicsShapeInfo_chipmunk.cpp ..\physics\chipmunk\CCPhysicsWorldInfo_chipmunk.cpp ..\platform\CCFileUtils.cpp ..\platform\CCGLViewProtocol.cpp ..\platform\CCImage.cpp ..\platform\CCSAXParser.cpp ..\platform\CCThread.cpp ..\platform\desktop\CCGLView.cpp ..\platform\win32\CCApplication.cpp ..\platform\win32\CCCommon.cpp ..\platform\win32\CCDevice.cpp ..\platform\win32\CCFileUtilsWin32.cpp ..\platform\win32\CCStdC.cpp ..\renderer\CCBatchCommand.cpp ..\renderer\CCCustomCommand.cpp ..\renderer\CCGLProgram.cpp ..\renderer\CCGLProgramCache.cpp ..\renderer\CCGLProgramState.cpp ..\renderer\CCGLProgramStateCache.cpp ..\renderer\ccGLStateCache.cpp ..\renderer\CCGroupCommand.cpp ..\renderer\CCMeshCommand.cpp ..\renderer\CCQuadCommand.cpp ..\renderer\CCRenderCommand.cpp ..\renderer\CCRenderer.cpp ..\renderer\ccShaders.cpp ..\renderer\CCTexture2D.cpp ..\renderer\CCTextureAtlas.cpp ..\renderer\CCTextureCache.cpp CCAction.cpp CCActionCamera.cpp CCActionCatmullRom.cpp CCActionEase.cpp CCActionGrid.cpp CCActionGrid3D.cpp CCActionInstant.cpp CCActionInterval.cpp CCActionManager.cpp CCActionPageTurn3D.cpp CCActionProgressTimer.cpp CCActionTiledGrid.cpp CCActionTween.cpp CCAnimation.cpp CCAnimationCache.cpp CCAtlasNode.cpp CCClippingNode.cpp CCComponent.cpp CCComponentContainer.cpp CCDrawingPrimitives.cpp CCDrawNode.cpp CCFont.cpp CCFontAtlas.cpp CCFontAtlasCache.cpp CCFontCharMap.cpp CCFontFNT.cpp CCFontFreeType.cpp CCGLBufferedNode.cpp CCGrabber.cpp CCGrid.cpp CCLabel.cpp CCLabelAtlas.cpp CCLabelBMFont.cpp CCLabelTextFormatter.cpp CCLabelTTF.cpp CCLayer.cpp CCMenu.cpp CCMenuItem.cpp CCMotionStreak.cpp CCNode.cpp CCNodeGrid.cpp CCParallaxNode.cpp CCParticleBatchNode.cpp CCParticleExamples.cpp CCParticleSystem.cpp CCParticleSystemQuad.cpp CCProgressTimer.cpp CCRenderTexture.cpp CCScene.cpp CCSprite.cpp CCSpriteBatchNode.cpp CCSpriteFrame.cpp CCSpriteFrameCache.cpp CCTextFieldTTF.cpp CCTileMapAtlas.cpp CCTMXLayer.cpp CCTMXObjectGroup.cpp CCTMXTiledMap.cpp CCTMXXMLParser.cpp CCTransition.cpp CCTransitionPageTurn.cpp CCTransitionProgress.cpp CCTweenFunction.cpp
         ConvertUTF.c
         ConvertUTFWrapper.cpp
         edtaa3func.cpp
         tinyxml2.cpp
         ioapi.cpp
         unzip.cpp
         xxhash.c
         CCMesh.cpp
     1>..\..\external\xxhash\xxhash.c(312): warning C4804: '/' : 演算中の 'bool' 型の使用方法が安全ではありません
         CCObjLoader.cpp
         CCSprite3D.cpp
         CCSprite3DDataCache.cpp
         atitc.cpp
         base64.cpp
         CCAutoreleasePool.cpp
         ccCArray.cpp
         CCConfiguration.cpp
         CCConsole.cpp
     1>..\3d\CCObjLoader.cpp(169): warning C4018: '>' : signed と unsigned の数値を比較しようとしました。
         CCData.cpp
         CCDataVisitor.cpp
         CCDirector.cpp
         CCEvent.cpp
         CCEventAcceleration.cpp
         CCEventCustom.cpp
         CCEventDispatcher.cpp
         CCEventFocus.cpp
         CCEventKeyboard.cpp
         CCEventListener.cpp
         CCEventListenerAcceleration.cpp
         CCEventListenerCustom.cpp
         CCEventListenerFocus.cpp
         CCEventListenerKeyboard.cpp
         CCEventListenerMouse.cpp
         CCEventListenerTouch.cpp
         CCEventMouse.cpp
         CCEventTouch.cpp
         ccFPSImages.c
         CCIMEDispatcher.cpp
         CCNS.cpp
         CCProfiling.cpp
         CCRef.cpp
         CCScheduler.cpp
         CCScriptSupport.cpp
         CCTouch.cpp
         ccTypes.cpp
         CCUserDefault.cpp
         CCUserDefaultAndroid.cpp
         ccUTF8.cpp
     1>c:\users\scc313\cocosproject\yokege-a\cocos2d\cocos\base\ccUTF8.h : warning C4819: ファイルは、現在のコード ページ (932) で表示できない文字を含んでいます。データの損失を防ぐために、ファイルを Unicode 形式で保存してください。 (..\base\ccUTF8.cpp)
         ccUtils.cpp
         CCValue.cpp
         etc1.cpp
         s3tc.cpp
     1>..\base\ccUTF8.cpp(234): warning C4996: 'cocos2d::cc_wcslen': が古い形式として宣言されました。
                 c:\users\scc313\cocosproject\yokege-a\cocos2d\cocos\base\ccUTF8.h(130) : 'cocos2d::cc_wcslen' の宣言を確認してください。
         TGAlib.cpp
         ZipUtils.cpp
     1>..\base\ccUTF8.cpp(277): warning C4996: 'cocos2d::cc_wcslen': が古い形式として宣言されました。
                 c:\users\scc313\cocosproject\yokege-a\cocos2d\cocos\base\ccUTF8.h(130) : 'cocos2d::cc_wcslen' の宣言を確認してください。
         cocos2d.cpp
         CCArray.cpp
         CCDeprecated.cpp
         CCDictionary.cpp
         CCNotificationCenter.cpp
         CCSet.cpp
         CCString.cpp
         CCAffineTransform.cpp
         CCGeometry.cpp
     1>c:\users\scc313\cocosproject\yokege-a\cocos2d\cocos\base/ccUTF8.h : warning C4819: ファイルは、現在のコード ページ (932) で表示できない文字を含んでいます。データの損失を防ぐために、ファイルを Unicode 形式で保存してください。 (..\deprecated\CCDeprecated.cpp)
         CCVertex.cpp
         Mat4.cpp
         MathUtil.cpp
     1>c:\users\scc313\cocosproject\yokege-a\cocos2d\cocos\platform/CCSAXParser.h : warning C4819: ファイルは、現在のコード ページ (932) で表示できない文字を含んでいます。データの損失を防ぐために、ファイルを Unicode 形式で保存してください。 (..\deprecated\CCDeprecated.cpp)
         Quaternion.cpp
         TransformUtils.cpp
         Vec2.cpp
         Vec3.cpp
         Vec4.cpp
         CCPhysicsBody.cpp
         CCPhysicsContact.cpp
     1>c:\users\scc313\cocosproject\yokege-a\cocos2d\external\chipmunk\include\chipmunk\cpBB.h(105): warning C4056: 浮動小数点数の定数演算でオーバーフローしました。 (..\physics\CCPhysicsBody.cpp)
     1>c:\users\scc313\cocosproject\yokege-a\cocos2d\external\chipmunk\include\chipmunk\cpBB.h(111): warning C4056: 浮動小数点数の定数演算でオーバーフローしました。 (..\physics\CCPhysicsBody.cpp)
         CCPhysicsJoint.cpp
         CCPhysicsShape.cpp
         CCPhysicsWorld.cpp
         CCPhysicsBodyInfo_chipmunk.cpp
         CCPhysicsContactInfo_chipmunk.cpp
         CCPhysicsJointInfo_chipmunk.cpp
     1>c:\users\scc313\cocosproject\yokege-a\cocos2d\external\chipmunk\include\chipmunk\cpBB.h(105): warning C4056: 浮動小数点数の定数演算でオーバーフローしました。 (..\physics\chipmunk\CCPhysicsBodyInfo_chipmunk.cpp)
     1>c:\users\scc313\cocosproject\yokege-a\cocos2d\external\chipmunk\include\chipmunk\cpBB.h(111): warning C4056: 浮動小数点数の定数演算でオーバーフローしました。 (..\physics\chipmunk\CCPhysicsBodyInfo_chipmunk.cpp)
     1>c:\users\scc313\cocosproject\yokege-a\cocos2d\external\chipmunk\include\chipmunk\cpBB.h(105): warning C4056: 浮動小数点数の定数演算でオーバーフローしました。 (..\physics\CCPhysicsContact.cpp)
     1>c:\users\scc313\cocosproject\yokege-a\cocos2d\external\chipmunk\include\chipmunk\cpBB.h(111): warning C4056: 浮動小数点数の定数演算でオーバーフローしました。 (..\physics\CCPhysicsContact.cpp)
     1>c:\users\scc313\cocosproject\yokege-a\cocos2d\external\chipmunk\include\chipmunk\cpBB.h(105): warning C4056: 浮動小数点数の定数演算でオーバーフローしました。 (..\physics\chipmunk\CCPhysicsJointInfo_chipmunk.cpp)
     1>c:\users\scc313\cocosproject\yokege-a\cocos2d\external\chipmunk\include\chipmunk\cpBB.h(111): warning C4056: 浮動小数点数の定数演算でオーバーフローしました。 (..\physics\chipmunk\CCPhysicsJointInfo_chipmunk.cpp)
         CCPhysicsShapeInfo_chipmunk.cpp
     1>c:\users\scc313\cocosproject\yokege-a\cocos2d\external\chipmunk\include\chipmunk\cpBB.h(105): warning C4056: 浮動小数点数の定数演算でオーバーフローしました。 (..\physics\chipmunk\CCPhysicsContactInfo_chipmunk.cpp)
     1>c:\users\scc313\cocosproject\yokege-a\cocos2d\external\chipmunk\include\chipmunk\cpBB.h(111): warning C4056: 浮動小数点数の定数演算でオーバーフローしました。 (..\physics\chipmunk\CCPhysicsContactInfo_chipmunk.cpp)
         CCPhysicsWorldInfo_chipmunk.cpp
         CCFileUtils.cpp
     1>c:\users\scc313\cocosproject\yokege-a\cocos2d\external\chipmunk\include\chipmunk\cpBB.h(105): warning C4056: 浮動小数点数の定数演算でオーバーフローしました。 (..\physics\chipmunk\CCPhysicsShapeInfo_chipmunk.cpp)
     1>c:\users\scc313\cocosproject\yokege-a\cocos2d\external\chipmunk\include\chipmunk\cpBB.h(111): warning C4056: 浮動小数点数の定数演算でオーバーフローしました。 (..\physics\chipmunk\CCPhysicsShapeInfo_chipmunk.cpp)
     1>c:\users\scc313\cocosproject\yokege-a\cocos2d\external\chipmunk\include\chipmunk\cpBB.h(105): warning C4056: 浮動小数点数の定数演算でオーバーフローしました。 (..\physics\chipmunk\CCPhysicsWorldInfo_chipmunk.cpp)
     1>c:\users\scc313\cocosproject\yokege-a\cocos2d\external\chipmunk\include\chipmunk\cpBB.h(111): warning C4056: 浮動小数点数の定数演算でオーバーフローしました。 (..\physics\chipmunk\CCPhysicsWorldInfo_chipmunk.cpp)
         CCGLViewProtocol.cpp
         CCImage.cpp
         CCSAXParser.cpp
     1>..\platform\CCSAXParser.cpp : warning C4819: ファイルは、現在のコード ページ (932) で表示できない文字を含んでいます。データの損失を防ぐために、ファイルを Unicode 形式で保存してください。
     1>C:\Users\scc313\cocosProject\yokege-a\cocos2d\cocos\platform/CCSAXParser.h : warning C4819: ファイルは、現在のコード ページ (932) で表示できない文字を含んでいます。データの損失を防ぐために、ファイルを Unicode 形式で保存してください。 (..\platform\CCSAXParser.cpp)
     1>c:\users\scc313\cocosproject\yokege-a\cocos2d\external\chipmunk\include\chipmunk\cpBB.h(105): warning C4056: 浮動小数点数の定数演算でオーバーフローしました。 (..\physics\CCPhysicsJoint.cpp)
     1>c:\users\scc313\cocosproject\yokege-a\cocos2d\external\chipmunk\include\chipmunk\cpBB.h(111): warning C4056: 浮動小数点数の定数演算でオーバーフローしました。 (..\physics\CCPhysicsJoint.cpp)
     1>c:\users\scc313\cocosproject\yokege-a\cocos2d\external\chipmunk\include\chipmunk\cpBB.h(105): warning C4056: 浮動小数点数の定数演算でオーバーフローしました。 (..\physics\CCPhysicsShape.cpp)
     1>c:\users\scc313\cocosproject\yokege-a\cocos2d\external\chipmunk\include\chipmunk\cpBB.h(111): warning C4056: 浮動小数点数の定数演算でオーバーフローしました。 (..\physics\CCPhysicsShape.cpp)
     1>c:\users\scc313\cocosproject\yokege-a\cocos2d\external\chipmunk\include\chipmunk\cpBB.h(105): warning C4056: 浮動小数点数の定数演算でオーバーフローしました。 (..\physics\CCPhysicsWorld.cpp)
     1>c:\users\scc313\cocosproject\yokege-a\cocos2d\external\chipmunk\include\chipmunk\cpBB.h(111): warning C4056: 浮動小数点数の定数演算でオーバーフローしました。 (..\physics\CCPhysicsWorld.cpp)
         CCThread.cpp
         CCGLView.cpp
         CCApplication.cpp
     1>C:\Users\scc313\cocosProject\yokege-a\cocos2d\cocos\platform/CCSAXParser.h : warning C4819: ファイルは、現在のコード ページ (932) で表示できない文字を含んでいます。データの損失を防ぐために、ファイルを Unicode 形式で保存してください。 (..\platform\CCFileUtils.cpp)
         CCCommon.cpp
         CCDevice.cpp
         CCFileUtilsWin32.cpp
         CCStdC.cpp
         CCBatchCommand.cpp
         CCCustomCommand.cpp
         CCGLProgram.cpp
         CCGLProgramCache.cpp
     1>c:\users\scc313\cocosproject\yokege-a\cocos2d\cocos\platform\win32\CCFileUtilsWin32.h(102): warning C4996: 'cocos2d::FileUtils::getFileData': が古い形式として宣言されました。 (..\platform\win32\CCFileUtilsWin32.cpp)
                 C:\Users\scc313\cocosProject\yokege-a\cocos2d\cocos\platform/CCFileUtils.h(101) : 'cocos2d::FileUtils::getFileData' の宣言を確認してください。
         CCGLProgramState.cpp
         CCGLProgramStateCache.cpp
         ccGLStateCache.cpp
         CCGroupCommand.cpp
         CCMeshCommand.cpp
         CCQuadCommand.cpp
         CCRenderCommand.cpp
         CCRenderer.cpp
         ccShaders.cpp
     1>..\renderer\ccGLStateCache.cpp(222): warning C4800: 'uint32_t' : ブール値を 'true' または 'false' に強制的に設定します (警告の処理)
         CCTexture2D.cpp
         CCTextureAtlas.cpp
     1>..\renderer\ccGLStateCache.cpp(223): warning C4800: 'uint32_t' : ブール値を 'true' または 'false' に強制的に設定します (警告の処理)
         CCTextureCache.cpp
         CCAction.cpp
         CCActionCamera.cpp
         CCActionCatmullRom.cpp
         CCActionEase.cpp
         CCActionGrid.cpp
         CCActionGrid3D.cpp
         CCActionInstant.cpp
         CCActionInterval.cpp
         CCActionManager.cpp
         CCActionPageTurn3D.cpp
         CCActionProgressTimer.cpp
         CCActionTiledGrid.cpp
         CCActionTween.cpp
         CCAnimation.cpp
         CCAnimationCache.cpp
         CCAtlasNode.cpp
         CCClippingNode.cpp
         CCComponent.cpp
         CCComponentContainer.cpp
         CCDrawingPrimitives.cpp
         CCDrawNode.cpp
         CCFont.cpp
     1>CCFont.cpp : warning C4819: ファイルは、現在のコード ページ (932) で表示できない文字を含んでいます。データの損失を防ぐために、ファイルを Unicode 形式で保存してください。
         CCFontAtlas.cpp
         CCFontAtlasCache.cpp
         CCFontCharMap.cpp
         CCFontFNT.cpp
         CCFontFreeType.cpp
     1>C:\Users\scc313\cocosProject\yokege-a\cocos2d\cocos\base/ccUTF8.h : warning C4819: ファイルは、現在のコード ページ (932) で表示できない文字を含んでいます。データの損失を防ぐために、ファイルを Unicode 形式で保存してください。 (CCFont.cpp)
         CCGLBufferedNode.cpp
         CCGrabber.cpp
     1>C:\Users\scc313\cocosProject\yokege-a\cocos2d\cocos\base/ccUTF8.h : warning C4819: ファイルは、現在のコード ページ (932) で表示できない文字を含んでいます。データの損失を防ぐために、ファイルを Unicode 形式で保存してください。 (CCFontAtlas.cpp)
         CCGrid.cpp
     1>C:\Users\scc313\cocosProject\yokege-a\cocos2d\cocos\base/ccUTF8.h : warning C4819: ファイルは、現在のコード ページ (932) で表示できない文字を含んでいます。データの損失を防ぐために、ファイルを Unicode 形式で保存してください。 (CCFontCharMap.cpp)
         CCLabel.cpp
     1>C:\Users\scc313\cocosProject\yokege-a\cocos2d\cocos\base/ccUTF8.h : warning C4819: ファイルは、現在のコード ページ (932) で表示できない文字を含んでいます。データの損失を防ぐために、ファイルを Unicode 形式で保存してください。 (CCFontFNT.cpp)
         CCLabelAtlas.cpp
         CCLabelBMFont.cpp
     1>C:\Users\scc313\cocosProject\yokege-a\cocos2d\cocos\base/ccUTF8.h : warning C4819: ファイルは、現在のコード ページ (932) で表示できない文字を含んでいます。データの損失を防ぐために、ファイルを Unicode 形式で保存してください。 (CCFontFreeType.cpp)
         CCLabelTextFormatter.cpp
     1>C:\Users\scc313\cocosProject\yokege-a\cocos2d\cocos\base/ccUTF8.h : warning C4819: ファイルは、現在のコード ページ (932) で表示できない文字を含んでいます。データの損失を防ぐために、ファイルを Unicode 形式で保存してください。 (CCLabelTextFormatter.cpp)
         CCLabelTTF.cpp
         CCLayer.cpp
         CCMenu.cpp
     1>C:\Users\scc313\cocosProject\yokege-a\cocos2d\cocos\base/ccUTF8.h : warning C4819: ファイルは、現在のコード ページ (932) で表示できない文字を含んでいます。データの損失を防ぐために、ファイルを Unicode 形式で保存してください。 (CCLabel.cpp)
         CCMenuItem.cpp
         CCMotionStreak.cpp
         CCNode.cpp
         CCNodeGrid.cpp
         CCParallaxNode.cpp
         CCParticleBatchNode.cpp
         CCParticleExamples.cpp
         CCParticleSystem.cpp
         CCParticleSystemQuad.cpp
         CCProgressTimer.cpp
         CCRenderTexture.cpp
         CCScene.cpp
         CCSprite.cpp
         CCSpriteBatchNode.cpp
         CCSpriteFrame.cpp
         CCSpriteFrameCache.cpp
         CCTextFieldTTF.cpp
         CCTileMapAtlas.cpp
         CCTMXLayer.cpp
         CCTMXObjectGroup.cpp
         CCTMXTiledMap.cpp
         CCTMXXMLParser.cpp
     1>CCTMXXMLParser.cpp : warning C4819: ファイルは、現在のコード ページ (932) で表示できない文字を含んでいます。データの損失を防ぐために、ファイルを Unicode 形式で保存してください。
         CCTransition.cpp
         CCTransitionPageTurn.cpp
     1>C:\Users\scc313\cocosProject\yokege-a\cocos2d\cocos\platform/CCSAXParser.h : warning C4819: ファイルは、現在のコード ページ (932) で表示できない文字を含んでいます。データの損失を防ぐために、ファイルを Unicode 形式で保存してください。 (CCTMXLayer.cpp)
         CCTransitionProgress.cpp
         CCTweenFunction.cpp
     1>C:\Users\scc313\cocosProject\yokege-a\cocos2d\cocos\platform/CCSAXParser.h : warning C4819: ファイルは、現在のコード ページ (932) で表示できない文字を含んでいます。データの損失を防ぐために、ファイルを Unicode 形式で保存してください。 (CCTMXXMLParser.cpp)
     1>C:\Users\scc313\cocosProject\yokege-a\cocos2d\cocos\platform/CCSAXParser.h : warning C4819: ファイルは、現在のコード ページ (932) で表示できない文字を含んでいます。データの損失を防ぐために、ファイルを Unicode 形式で保存してください。 (CCTMXTiledMap.cpp)
       PreLinkEvent:
         if not exist "C:\Users\scc313\cocosProject\yokege-a\proj.win32\Debug.win32\" mkdir "C:\Users\scc313\cocosProject\yokege-a\proj.win32\Debug.win32\"
         xcopy /Y /Q "C:\Users\scc313\cocosProject\yokege-a\cocos2d\cocos\2d\..\..\external\freetype2\prebuilt\win32\*.*" "C:\Users\scc313\cocosProject\yokege-a\proj.win32\Debug.win32\"
         xcopy /Y /Q "C:\Users\scc313\cocosProject\yokege-a\cocos2d\cocos\2d\..\..\external\glfw3\prebuilt\win32\*.*" "C:\Users\scc313\cocosProject\yokege-a\proj.win32\Debug.win32\"
         xcopy /Y /Q "C:\Users\scc313\cocosProject\yokege-a\cocos2d\cocos\2d\..\..\external\curl\prebuilt\win32\*.*" "C:\Users\scc313\cocosProject\yokege-a\proj.win32\Debug.win32\"
         xcopy /Y /Q "C:\Users\scc313\cocosProject\yokege-a\cocos2d\cocos\2d\..\..\external\jpeg\prebuilt\win32\*.*" "C:\Users\scc313\cocosProject\yokege-a\proj.win32\Debug.win32\"
         xcopy /Y /Q "C:\Users\scc313\cocosProject\yokege-a\cocos2d\cocos\2d\..\..\external\png\prebuilt\win32\*.*" "C:\Users\scc313\cocosProject\yokege-a\proj.win32\Debug.win32\"
         xcopy /Y /Q "C:\Users\scc313\cocosProject\yokege-a\cocos2d\cocos\2d\..\..\external\tiff\prebuilt\win32\*.*" "C:\Users\scc313\cocosProject\yokege-a\proj.win32\Debug.win32\"
         xcopy /Y /Q "C:\Users\scc313\cocosProject\yokege-a\cocos2d\cocos\2d\..\..\external\webp\prebuilt\win32\*.*" "C:\Users\scc313\cocosProject\yokege-a\proj.win32\Debug.win32\"
         xcopy /Y /Q "C:\Users\scc313\cocosProject\yokege-a\cocos2d\cocos\2d\..\..\external\win32-specific\zlib\prebuilt\*.*" "C:\Users\scc313\cocosProject\yokege-a\proj.win32\Debug.win32\"
         xcopy /Y /Q "C:\Users\scc313\cocosProject\yokege-a\cocos2d\cocos\2d\..\..\external\win32-specific\icon\prebuilt\*.*" "C:\Users\scc313\cocosProject\yokege-a\proj.win32\Debug.win32\"
         xcopy /Y /Q "C:\Users\scc313\cocosProject\yokege-a\cocos2d\cocos\2d\..\..\external\win32-specific\gles\prebuilt\*.*" "C:\Users\scc313\cocosProject\yokege-a\proj.win32\Debug.win32\"
         
         :VCEnd
         1 個のファイルをコピーしました
         1 個のファイルをコピーしました
         2 個のファイルをコピーしました
         1 個のファイルをコピーしました
         1 個のファイルをコピーしました
         2 個のファイルをコピーしました
         1 個のファイルをコピーしました
         2 個のファイルをコピーしました
         2 個のファイルをコピーしました
         2 個のファイルをコピーしました
       Lib:
         C:\Program Files (x86)\Microsoft Visual Studio 12.0\VC\bin\Lib.exe /OUT:"C:\Users\scc313\cocosProject\yokege-a\proj.win32\Debug.win32\libcocos2d.lib" /NOLOGO Debug.win32\ConvertUTF.obj
         Debug.win32\ConvertUTFWrapper.obj
         Debug.win32\edtaa3func.obj
         Debug.win32\tinyxml2.obj
         Debug.win32\ioapi.obj
         Debug.win32\unzip.obj
         Debug.win32\xxhash.obj
         Debug.win32\CCMesh.obj
         Debug.win32\CCObjLoader.obj
         Debug.win32\CCSprite3D.obj
         Debug.win32\CCSprite3DDataCache.obj
         Debug.win32\atitc.obj
         Debug.win32\base64.obj
         Debug.win32\CCAutoreleasePool.obj
         Debug.win32\ccCArray.obj
         Debug.win32\CCConfiguration.obj
         Debug.win32\CCConsole.obj
         Debug.win32\CCData.obj
         Debug.win32\CCDataVisitor.obj
         Debug.win32\CCDirector.obj
         Debug.win32\CCEvent.obj
         Debug.win32\CCEventAcceleration.obj
         Debug.win32\CCEventCustom.obj
         Debug.win32\CCEventDispatcher.obj
         Debug.win32\CCEventFocus.obj
         Debug.win32\CCEventKeyboard.obj
         Debug.win32\CCEventListener.obj
         Debug.win32\CCEventListenerAcceleration.obj
         Debug.win32\CCEventListenerCustom.obj
         Debug.win32\CCEventListenerFocus.obj
         Debug.win32\CCEventListenerKeyboard.obj
         Debug.win32\CCEventListenerMouse.obj
         Debug.win32\CCEventListenerTouch.obj
         Debug.win32\CCEventMouse.obj
         Debug.win32\CCEventTouch.obj
         Debug.win32\ccFPSImages.obj
         Debug.win32\CCIMEDispatcher.obj
         Debug.win32\CCNS.obj
         Debug.win32\CCProfiling.obj
         Debug.win32\CCRef.obj
         Debug.win32\CCScheduler.obj
         Debug.win32\CCScriptSupport.obj
         Debug.win32\CCTouch.obj
         Debug.win32\ccTypes.obj
         Debug.win32\CCUserDefault.obj
         Debug.win32\CCUserDefaultAndroid.obj
         Debug.win32\ccUTF8.obj
         Debug.win32\ccUtils.obj
         Debug.win32\CCValue.obj
         Debug.win32\etc1.obj
         Debug.win32\s3tc.obj
         Debug.win32\TGAlib.obj
         Debug.win32\ZipUtils.obj
         Debug.win32\cocos2d.obj
         Debug.win32\CCArray.obj
         Debug.win32\CCDeprecated.obj
         Debug.win32\CCDictionary.obj
         Debug.win32\CCNotificationCenter.obj
         Debug.win32\CCSet.obj
         Debug.win32\CCString.obj
         Debug.win32\CCAffineTransform.obj
         Debug.win32\CCGeometry.obj
         Debug.win32\CCVertex.obj
         Debug.win32\Mat4.obj
         Debug.win32\MathUtil.obj
         Debug.win32\Quaternion.obj
         Debug.win32\TransformUtils.obj
         Debug.win32\Vec2.obj
         Debug.win32\Vec3.obj
         Debug.win32\Vec4.obj
         Debug.win32\CCPhysicsBody.obj
         Debug.win32\CCPhysicsContact.obj
         Debug.win32\CCPhysicsJoint.obj
         Debug.win32\CCPhysicsShape.obj
         Debug.win32\CCPhysicsWorld.obj
         Debug.win32\CCPhysicsBodyInfo_chipmunk.obj
         Debug.win32\CCPhysicsContactInfo_chipmunk.obj
         Debug.win32\CCPhysicsJointInfo_chipmunk.obj
         Debug.win32\CCPhysicsShapeInfo_chipmunk.obj
         Debug.win32\CCPhysicsWorldInfo_chipmunk.obj
         Debug.win32\CCFileUtils.obj
         Debug.win32\CCGLViewProtocol.obj
         Debug.win32\CCImage.obj
         Debug.win32\CCSAXParser.obj
         Debug.win32\CCThread.obj
         Debug.win32\CCGLView.obj
         Debug.win32\CCApplication.obj
         Debug.win32\CCCommon.obj
         Debug.win32\CCDevice.obj
         Debug.win32\CCFileUtilsWin32.obj
         Debug.win32\CCStdC.obj
         Debug.win32\CCBatchCommand.obj
         Debug.win32\CCCustomCommand.obj
         Debug.win32\CCGLProgram.obj
         Debug.win32\CCGLProgramCache.obj
         Debug.win32\CCGLProgramState.obj
         Debug.win32\CCGLProgramStateCache.obj
         Debug.win32\ccGLStateCache.obj
         Debug.win32\CCGroupCommand.obj
         Debug.win32\CCMeshCommand.obj
         Debug.win32\CCQuadCommand.obj
         Debug.win32\CCRenderCommand.obj
         Debug.win32\CCRenderer.obj
         Debug.win32\ccShaders.obj
         Debug.win32\CCTexture2D.obj
         Debug.win32\CCTextureAtlas.obj
         Debug.win32\CCTextureCache.obj
         Debug.win32\CCAction.obj
         Debug.win32\CCActionCamera.obj
         Debug.win32\CCActionCatmullRom.obj
         Debug.win32\CCActionEase.obj
         Debug.win32\CCActionGrid.obj
         Debug.win32\CCActionGrid3D.obj
         Debug.win32\CCActionInstant.obj
         Debug.win32\CCActionInterval.obj
         Debug.win32\CCActionManager.obj
         Debug.win32\CCActionPageTurn3D.obj
         Debug.win32\CCActionProgressTimer.obj
         Debug.win32\CCActionTiledGrid.obj
         Debug.win32\CCActionTween.obj
         Debug.win32\CCAnimation.obj
         Debug.win32\CCAnimationCache.obj
         Debug.win32\CCAtlasNode.obj
         Debug.win32\CCClippingNode.obj
         Debug.win32\CCComponent.obj
         Debug.win32\CCComponentContainer.obj
         Debug.win32\CCDrawingPrimitives.obj
         Debug.win32\CCDrawNode.obj
         Debug.win32\CCFont.obj
         Debug.win32\CCFontAtlas.obj
         Debug.win32\CCFontAtlasCache.obj
         Debug.win32\CCFontCharMap.obj
         Debug.win32\CCFontFNT.obj
         Debug.win32\CCFontFreeType.obj
         Debug.win32\CCGLBufferedNode.obj
         Debug.win32\CCGrabber.obj
         Debug.win32\CCGrid.obj
         Debug.win32\CCLabel.obj
         Debug.win32\CCLabelAtlas.obj
         Debug.win32\CCLabelBMFont.obj
         Debug.win32\CCLabelTextFormatter.obj
         Debug.win32\CCLabelTTF.obj
         Debug.win32\CCLayer.obj
         Debug.win32\CCMenu.obj
         Debug.win32\CCMenuItem.obj
         Debug.win32\CCMotionStreak.obj
         Debug.win32\CCNode.obj
         Debug.win32\CCNodeGrid.obj
         Debug.win32\CCParallaxNode.obj
         Debug.win32\CCParticleBatchNode.obj
         Debug.win32\CCParticleExamples.obj
         Debug.win32\CCParticleSystem.obj
         Debug.win32\CCParticleSystemQuad.obj
         Debug.win32\CCProgressTimer.obj
         Debug.win32\CCRenderTexture.obj
         Debug.win32\CCScene.obj
         Debug.win32\CCSprite.obj
         Debug.win32\CCSpriteBatchNode.obj
         Debug.win32\CCSpriteFrame.obj
         Debug.win32\CCSpriteFrameCache.obj
         Debug.win32\CCTextFieldTTF.obj
         Debug.win32\CCTileMapAtlas.obj
         Debug.win32\CCTMXLayer.obj
         Debug.win32\CCTMXObjectGroup.obj
         Debug.win32\CCTMXTiledMap.obj
         Debug.win32\CCTMXXMLParser.obj
         Debug.win32\CCTransition.obj
         Debug.win32\CCTransitionPageTurn.obj
         Debug.win32\CCTransitionProgress.obj
         Debug.win32\CCTweenFunction.obj
     1>CCUserDefaultAndroid.obj : warning LNK4221: このオブジェクト ファイルは、以前に未定義であったパブリック シンボルを定義していないため、このライブラリを使用するリンク操作では使用されません
         cocos2d.vcxproj -> C:\Users\scc313\cocosProject\yokege-a\proj.win32\Debug.win32\libcocos2d.lib
     1>プロジェクト "C:\Users\scc313\cocosProject\yokege-a\cocos2d\cocos\2d\cocos2d.vcxproj" (Build ターゲット) のビルドが完了しました。

ビルドに成功しました。

経過時間 00:00:48.84
